<?xml version="1.0" encoding="UTF-8"?>
<!-- Generated by org.testng.reporters.JUnitReportReporter -->
<testsuite hostname="LAPTOP-HL3AL6R5" failures="0" tests="6" name="com.amazon.qa.test.ValidateAmazonTestClass" time="191.268" errors="0" timestamp="2023-08-29T14:54:04 IST" skipped="0">
  <testcase classname="com.amazon.qa.test.ValidateAmazonTestClass" name="validateTestCase1" time="30.352">
    <system-out>
      <![CDATA[Assert Text Samsung m32 128gb mobile
price is greater than 10000
Qty:1 successfully validate
assert Samsung Galaxy M34 (Black, 6GB RAM, 128GB Storage mobile successfully validate
price successfully validate]]>
    </system-out>
  </testcase> <!-- validateTestCase1 -->
  <testcase classname="com.amazon.qa.test.ValidateAmazonTestClass" name="validateTestCase1" time="37.241">
    <system-out>
      <![CDATA[Assert Text Samsung m32 128gb mobile
price is greater than 10000
Qty:1 successfully validate
price successfully validate]]>
    </system-out>
  </testcase> <!-- validateTestCase1 -->
  <testcase classname="com.amazon.qa.test.ValidateAmazonTestClass" name="validateTestCase2" time="26.578">
    <system-out>
      <![CDATA[Assert apple mobile 14 pro max
price is greater than 10000
Qty:1 successfully validate
assert Apple iPhone 14 Pro Max (256 GB) - Space Black mobile successfully validate
price successfully validate]]>
    </system-out>
  </testcase> <!-- validateTestCase2 -->
  <testcase classname="com.amazon.qa.test.ValidateAmazonTestClass" name="validateTestCase2" time="27.771">
    <system-out>
      <![CDATA[Assert apple mobile 14 pro max
price is greater than 10000
Qty:1 successfully validate
assert Apple iPhone 14 Pro Max (256 GB) - Space Black mobile successfully validate
price successfully validate]]>
    </system-out>
  </testcase> <!-- validateTestCase2 -->
  <testcase classname="com.amazon.qa.test.ValidateAmazonTestClass" name="validateTestCase3" time="31.437">
    <system-out>
      <![CDATA[Assert redmi note 12 pro plus 5g
price is greater than 10000
Qty:1 successfully validate
assert Redmi Note 12 Pro+ 5G (Obsidian Black, 8GB RAM, 256GB Storage) mobile successfully validate
price successfully validate]]>
    </system-out>
  </testcase> <!-- validateTestCase3 -->
  <testcase classname="com.amazon.qa.test.ValidateAmazonTestClass" name="validateTestCase3" time="37.889">
    <system-out>
      <![CDATA[Assert redmi note 12 pro plus 5g
price is greater than 10000
Qty:1 successfully validate
assert Redmi Note 12 Pro+ 5G (Obsidian Black, 8GB RAM, 256GB Storage) mobile successfully validate
price successfully validate]]>
    </system-out>
  </testcase> <!-- validateTestCase3 -->
  <system-out>
    <![CDATA[Assert Text Email or mobile phone number
Assert Text Password
Assert logged in username
Assert Text Samsung m32 128gb mobile
price is greater than 10000
Qty:1 successfully validate
assert Samsung Galaxy M34 (Black, 6GB RAM, 128GB Storage mobile successfully validate
price successfully validate
Assert Text Email or mobile phone number
Assert Text Password
Assert logged in username
Assert apple mobile 14 pro max
price is greater than 10000
Qty:1 successfully validate
assert Apple iPhone 14 Pro Max (256 GB) - Space Black mobile successfully validate
price successfully validate
Assert Text Email or mobile phone number
Assert Text Password
Assert logged in username
Assert redmi note 12 pro plus 5g
price is greater than 10000
Qty:1 successfully validate
assert Redmi Note 12 Pro+ 5G (Obsidian Black, 8GB RAM, 256GB Storage) mobile successfully validate
price successfully validate
Assert Text Email or mobile phone number
Assert Text Password
Assert logged in username
Assert Text Samsung m32 128gb mobile
price is greater than 10000
Qty:1 successfully validate
price successfully validate
Assert Text Email or mobile phone number
Assert Text Password
Assert logged in username
Assert apple mobile 14 pro max
price is greater than 10000
Qty:1 successfully validate
assert Apple iPhone 14 Pro Max (256 GB) - Space Black mobile successfully validate
price successfully validate
Assert Text Email or mobile phone number
Assert Text Password
Assert logged in username
Assert redmi note 12 pro plus 5g
price is greater than 10000
Qty:1 successfully validate
assert Redmi Note 12 Pro+ 5G (Obsidian Black, 8GB RAM, 256GB Storage) mobile successfully validate
price successfully validate]]>
  </system-out>
</testsuite> <!-- com.amazon.qa.test.ValidateAmazonTestClass -->
